2022-08-11 10:47:22.502  INFO 4988 --- [main] com.example.task2.Task2Application       : Starting Task2Application using Java 13.0.2 on DESKTOP-J5CM9G9 with PID 4988 (D:\Банк\Задание 2\target\classes started by Elnar in D:\Банк\Задание 2)
2022-08-11 10:47:22.532  INFO 4988 --- [main] com.example.task2.Task2Application       : No active profile set, falling back to 1 default profile: "default"
2022-08-11 10:47:24.116  INFO 4988 --- [main] .s.d.r.c.RepositoryConfigurationDelegate : Bootstrapping Spring Data JPA repositories in DEFAULT mode.
2022-08-11 10:47:24.265  INFO 4988 --- [main] .s.d.r.c.RepositoryConfigurationDelegate : Finished Spring Data repository scanning in 114 ms. Found 4 JPA repository interfaces.
2022-08-11 10:47:25.584  INFO 4988 --- [main] o.s.b.w.embedded.tomcat.TomcatWebServer  : Tomcat initialized with port(s): 8080 (http)
2022-08-11 10:47:25.601  INFO 4988 --- [main] o.apache.catalina.core.StandardService   : Starting service [Tomcat]
2022-08-11 10:47:25.601  INFO 4988 --- [main] org.apache.catalina.core.StandardEngine  : Starting Servlet engine: [Apache Tomcat/9.0.65]
2022-08-11 10:47:25.901  INFO 4988 --- [main] o.a.c.c.C.[Tomcat].[localhost].[/]       : Initializing Spring embedded WebApplicationContext
2022-08-11 10:47:25.901  INFO 4988 --- [main] w.s.c.ServletWebServerApplicationContext : Root WebApplicationContext: initialization completed in 3232 ms
2022-08-11 10:47:26.295  INFO 4988 --- [main] o.hibernate.jpa.internal.util.LogHelper  : HHH000204: Processing PersistenceUnitInfo [name: default]
2022-08-11 10:47:26.422  INFO 4988 --- [main] org.hibernate.Version                    : HHH000412: Hibernate ORM core version 5.6.10.Final
2022-08-11 10:47:26.903  INFO 4988 --- [main] o.hibernate.annotations.common.Version   : HCANN000001: Hibernate Commons Annotations {5.1.2.Final}
2022-08-11 10:47:27.182  INFO 4988 --- [main] com.zaxxer.hikari.HikariDataSource       : HikariPool-1 - Starting...
2022-08-11 10:47:27.578  INFO 4988 --- [main] com.zaxxer.hikari.HikariDataSource       : HikariPool-1 - Start completed.
2022-08-11 10:47:27.607  INFO 4988 --- [main] org.hibernate.dialect.Dialect            : HHH000400: Using dialect: org.hibernate.dialect.PostgreSQLDialect
2022-08-11 10:47:29.625  INFO 4988 --- [main] o.h.e.t.j.p.i.JtaPlatformInitiator       : HHH000490: Using JtaPlatform implementation: [org.hibernate.engine.transaction.jta.platform.internal.NoJtaPlatform]
2022-08-11 10:47:29.638  INFO 4988 --- [main] j.LocalContainerEntityManagerFactoryBean : Initialized JPA EntityManagerFactory for persistence unit 'default'
2022-08-11 10:47:29.705  WARN 4988 --- [main] JpaBaseConfiguration$JpaWebConfiguration : spring.jpa.open-in-view is enabled by default. Therefore, database queries may be performed during view rendering. Explicitly configure spring.jpa.open-in-view to disable this warning
2022-08-11 10:47:31.349  INFO 4988 --- [main] o.s.s.web.DefaultSecurityFilterChain     : Will secure any request with [org.springframework.security.web.session.DisableEncodeUrlFilter@40f15786, org.springframework.security.web.context.request.async.WebAsyncManagerIntegrationFilter@72ea6fcb, org.springframework.security.web.context.SecurityContextPersistenceFilter@48a21ea6, org.springframework.security.web.header.HeaderWriterFilter@53153d5e, org.springframework.security.web.csrf.CsrfFilter@1fcf73b9, org.springframework.security.web.authentication.logout.LogoutFilter@47224d5d, org.springframework.security.web.authentication.UsernamePasswordAuthenticationFilter@7e366c6f, org.springframework.security.web.savedrequest.RequestCacheAwareFilter@62ff14cd, org.springframework.security.web.servletapi.SecurityContextHolderAwareRequestFilter@48cd8e71, org.springframework.security.web.authentication.AnonymousAuthenticationFilter@7ee9920a, org.springframework.security.web.session.SessionManagementFilter@160cf225, org.springframework.security.web.access.ExceptionTranslationFilter@64d42d3d, org.springframework.security.web.access.intercept.FilterSecurityInterceptor@3bd79444]
2022-08-11 10:47:31.629  INFO 4988 --- [main] o.s.b.w.embedded.tomcat.TomcatWebServer  : Tomcat started on port(s): 8080 (http) with context path ''
2022-08-11 10:47:31.657  INFO 4988 --- [main] com.example.task2.Task2Application       : Started Task2Application in 10.0 seconds (JVM running for 14.334)
2022-08-11 10:47:57.755  INFO 8584 --- [main] c.e.t.service.TransactionServiceTest     : Starting TransactionServiceTest using Java 13.0.2 on DESKTOP-J5CM9G9 with PID 8584 (started by Elnar in D:\Банк\Задание 2)
2022-08-11 10:47:57.758  INFO 8584 --- [main] c.e.t.service.TransactionServiceTest     : No active profile set, falling back to 1 default profile: "default"
2022-08-11 10:47:59.411  INFO 8584 --- [main] .s.d.r.c.RepositoryConfigurationDelegate : Bootstrapping Spring Data JPA repositories in DEFAULT mode.
2022-08-11 10:47:59.552  INFO 8584 --- [main] .s.d.r.c.RepositoryConfigurationDelegate : Finished Spring Data repository scanning in 130 ms. Found 4 JPA repository interfaces.
2022-08-11 10:48:01.080  INFO 8584 --- [main] o.hibernate.jpa.internal.util.LogHelper  : HHH000204: Processing PersistenceUnitInfo [name: default]
2022-08-11 10:48:01.178  INFO 8584 --- [main] org.hibernate.Version                    : HHH000412: Hibernate ORM core version 5.6.10.Final
2022-08-11 10:48:01.569  INFO 8584 --- [main] o.hibernate.annotations.common.Version   : HCANN000001: Hibernate Commons Annotations {5.1.2.Final}
2022-08-11 10:48:02.064  INFO 8584 --- [main] com.zaxxer.hikari.HikariDataSource       : HikariPool-1 - Starting...
2022-08-11 10:48:02.563  INFO 8584 --- [main] com.zaxxer.hikari.HikariDataSource       : HikariPool-1 - Start completed.
2022-08-11 10:48:02.596  INFO 8584 --- [main] org.hibernate.dialect.Dialect            : HHH000400: Using dialect: org.hibernate.dialect.PostgreSQLDialect
2022-08-11 10:48:04.039  INFO 8584 --- [main] o.h.e.t.j.p.i.JtaPlatformInitiator       : HHH000490: Using JtaPlatform implementation: [org.hibernate.engine.transaction.jta.platform.internal.NoJtaPlatform]
2022-08-11 10:48:04.057  INFO 8584 --- [main] j.LocalContainerEntityManagerFactoryBean : Initialized JPA EntityManagerFactory for persistence unit 'default'
2022-08-11 10:48:04.166  WARN 8584 --- [main] JpaBaseConfiguration$JpaWebConfiguration : spring.jpa.open-in-view is enabled by default. Therefore, database queries may be performed during view rendering. Explicitly configure spring.jpa.open-in-view to disable this warning
2022-08-11 10:48:06.936  INFO 8584 --- [main] o.s.s.web.DefaultSecurityFilterChain     : Will secure any request with [org.springframework.security.web.session.DisableEncodeUrlFilter@642d971f, org.springframework.security.web.context.request.async.WebAsyncManagerIntegrationFilter@2afe825a, org.springframework.security.web.context.SecurityContextPersistenceFilter@51b11186, org.springframework.security.web.header.HeaderWriterFilter@8d52313, org.springframework.security.web.csrf.CsrfFilter@2cd31214, org.springframework.security.web.authentication.logout.LogoutFilter@17344d7, org.springframework.security.web.authentication.UsernamePasswordAuthenticationFilter@23909b3, org.springframework.security.web.savedrequest.RequestCacheAwareFilter@1221d607, org.springframework.security.web.servletapi.SecurityContextHolderAwareRequestFilter@1b901f7b, org.springframework.security.web.authentication.AnonymousAuthenticationFilter@49c6ee4a, org.springframework.security.web.session.SessionManagementFilter@70869678, org.springframework.security.web.access.ExceptionTranslationFilter@3083e6ef, org.springframework.security.web.access.intercept.FilterSecurityInterceptor@6689bf04]
2022-08-11 10:48:07.109  INFO 8584 --- [main] c.e.t.service.TransactionServiceTest     : Started TransactionServiceTest in 10.033 seconds (JVM running for 12.912)
2022-08-11 10:48:07.780  INFO 8584 --- [SpringApplicationShutdownHook] j.LocalContainerEntityManagerFactoryBean : Closing JPA EntityManagerFactory for persistence unit 'default'
2022-08-11 10:48:07.787  INFO 8584 --- [SpringApplicationShutdownHook] com.zaxxer.hikari.HikariDataSource       : HikariPool-1 - Shutdown initiated...
2022-08-11 10:48:07.863  INFO 8584 --- [SpringApplicationShutdownHook] com.zaxxer.hikari.HikariDataSource       : HikariPool-1 - Shutdown completed.
2022-08-11 10:50:23.741  INFO 6768 --- [main] c.e.t.service.TransactionServiceTest     : Starting TransactionServiceTest using Java 13.0.2 on DESKTOP-J5CM9G9 with PID 6768 (started by Elnar in D:\Банк\Задание 2)
2022-08-11 10:50:23.745  INFO 6768 --- [main] c.e.t.service.TransactionServiceTest     : No active profile set, falling back to 1 default profile: "default"
2022-08-11 10:50:25.443  INFO 6768 --- [main] .s.d.r.c.RepositoryConfigurationDelegate : Bootstrapping Spring Data JPA repositories in DEFAULT mode.
2022-08-11 10:50:25.548  INFO 6768 --- [main] .s.d.r.c.RepositoryConfigurationDelegate : Finished Spring Data repository scanning in 93 ms. Found 4 JPA repository interfaces.
2022-08-11 10:50:26.748  INFO 6768 --- [main] o.hibernate.jpa.internal.util.LogHelper  : HHH000204: Processing PersistenceUnitInfo [name: default]
2022-08-11 10:50:26.885  INFO 6768 --- [main] org.hibernate.Version                    : HHH000412: Hibernate ORM core version 5.6.10.Final
2022-08-11 10:50:27.193  INFO 6768 --- [main] o.hibernate.annotations.common.Version   : HCANN000001: Hibernate Commons Annotations {5.1.2.Final}
2022-08-11 10:50:27.640  INFO 6768 --- [main] com.zaxxer.hikari.HikariDataSource       : HikariPool-1 - Starting...
2022-08-11 10:50:28.080  INFO 6768 --- [main] com.zaxxer.hikari.HikariDataSource       : HikariPool-1 - Start completed.
2022-08-11 10:50:28.120  INFO 6768 --- [main] org.hibernate.dialect.Dialect            : HHH000400: Using dialect: org.hibernate.dialect.PostgreSQLDialect
2022-08-11 10:50:29.813  INFO 6768 --- [main] o.h.e.t.j.p.i.JtaPlatformInitiator       : HHH000490: Using JtaPlatform implementation: [org.hibernate.engine.transaction.jta.platform.internal.NoJtaPlatform]
2022-08-11 10:50:29.826  INFO 6768 --- [main] j.LocalContainerEntityManagerFactoryBean : Initialized JPA EntityManagerFactory for persistence unit 'default'
2022-08-11 10:50:29.942  WARN 6768 --- [main] JpaBaseConfiguration$JpaWebConfiguration : spring.jpa.open-in-view is enabled by default. Therefore, database queries may be performed during view rendering. Explicitly configure spring.jpa.open-in-view to disable this warning
2022-08-11 10:50:32.875  INFO 6768 --- [main] o.s.s.web.DefaultSecurityFilterChain     : Will secure any request with [org.springframework.security.web.session.DisableEncodeUrlFilter@1aea759d, org.springframework.security.web.context.request.async.WebAsyncManagerIntegrationFilter@2eb03908, org.springframework.security.web.context.SecurityContextPersistenceFilter@71e89a26, org.springframework.security.web.header.HeaderWriterFilter@68a97fc1, org.springframework.security.web.csrf.CsrfFilter@576323ff, org.springframework.security.web.authentication.logout.LogoutFilter@5d957cf0, org.springframework.security.web.authentication.UsernamePasswordAuthenticationFilter@4b45c8e4, org.springframework.security.web.savedrequest.RequestCacheAwareFilter@6167a456, org.springframework.security.web.servletapi.SecurityContextHolderAwareRequestFilter@37c45154, org.springframework.security.web.authentication.AnonymousAuthenticationFilter@5ead245, org.springframework.security.web.session.SessionManagementFilter@4687c184, org.springframework.security.web.access.ExceptionTranslationFilter@594f508f, org.springframework.security.web.access.intercept.FilterSecurityInterceptor@6778636f]
2022-08-11 10:50:33.031  INFO 6768 --- [main] c.e.t.service.TransactionServiceTest     : Started TransactionServiceTest in 9.861 seconds (JVM running for 12.104)
2022-08-11 10:50:33.777 ERROR 6768 --- [main] o.s.test.context.TestContextManager      : Caught exception while allowing TestExecutionListener [org.springframework.boot.test.autoconfigure.SpringBootDependencyInjectionTestExecutionListener@2796aeae] to prepare test instance [com.example.task2.service.TransactionServiceTest@2ef63b6d]

org.springframework.beans.factory.UnsatisfiedDependencyException: Error creating bean with name 'com.example.task2.service.TransactionServiceTest': Unsatisfied dependency expressed through field 'transaction'; nested exception is org.springframework.beans.factory.NoSuchBeanDefinitionException: No qualifying bean of type 'com.example.task2.entity.Transaction' available: expected at least 1 bean which qualifies as autowire candidate. Dependency annotations: {@org.springframework.beans.factory.annotation.Autowired(required=true)}
	at org.springframework.beans.factory.annotation.AutowiredAnnotationBeanPostProcessor$AutowiredFieldElement.resolveFieldValue(AutowiredAnnotationBeanPostProcessor.java:659) ~[spring-beans-5.3.22.jar:5.3.22]
	at org.springframework.beans.factory.annotation.AutowiredAnnotationBeanPostProcessor$AutowiredFieldElement.inject(AutowiredAnnotationBeanPostProcessor.java:639) ~[spring-beans-5.3.22.jar:5.3.22]
	at org.springframework.beans.factory.annotation.InjectionMetadata.inject(InjectionMetadata.java:119) ~[spring-beans-5.3.22.jar:5.3.22]
	at org.springframework.beans.factory.annotation.AutowiredAnnotationBeanPostProcessor.postProcessProperties(AutowiredAnnotationBeanPostProcessor.java:399) ~[spring-beans-5.3.22.jar:5.3.22]
	at org.springframework.beans.factory.support.AbstractAutowireCapableBeanFactory.populateBean(AbstractAutowireCapableBeanFactory.java:1431) ~[spring-beans-5.3.22.jar:5.3.22]
	at org.springframework.beans.factory.support.AbstractAutowireCapableBeanFactory.autowireBeanProperties(AbstractAutowireCapableBeanFactory.java:417) ~[spring-beans-5.3.22.jar:5.3.22]
	at org.springframework.test.context.support.DependencyInjectionTestExecutionListener.injectDependencies(DependencyInjectionTestExecutionListener.java:119) ~[spring-test-5.3.22.jar:5.3.22]
	at org.springframework.test.context.support.DependencyInjectionTestExecutionListener.prepareTestInstance(DependencyInjectionTestExecutionListener.java:83) ~[spring-test-5.3.22.jar:5.3.22]
	at org.springframework.boot.test.autoconfigure.SpringBootDependencyInjectionTestExecutionListener.prepareTestInstance(SpringBootDependencyInjectionTestExecutionListener.java:43) ~[spring-boot-test-autoconfigure-2.7.2.jar:2.7.2]
	at org.springframework.test.context.TestContextManager.prepareTestInstance(TestContextManager.java:248) ~[spring-test-5.3.22.jar:5.3.22]
	at org.springframework.test.context.junit.jupiter.SpringExtension.postProcessTestInstance(SpringExtension.java:138) ~[spring-test-5.3.22.jar:5.3.22]
	at org.junit.jupiter.engine.descriptor.ClassBasedTestDescriptor.lambda$invokeTestInstancePostProcessors$8(ClassBasedTestDescriptor.java:363) ~[junit-jupiter-engine-5.8.2.jar:5.8.2]
	at org.junit.jupiter.engine.descriptor.ClassBasedTestDescriptor.executeAndMaskThrowable(ClassBasedTestDescriptor.java:368) ~[junit-jupiter-engine-5.8.2.jar:5.8.2]
	at org.junit.jupiter.engine.descriptor.ClassBasedTestDescriptor.lambda$invokeTestInstancePostProcessors$9(ClassBasedTestDescriptor.java:363) ~[junit-jupiter-engine-5.8.2.jar:5.8.2]
	at java.base/java.util.stream.ReferencePipeline$3$1.accept(ReferencePipeline.java:195) ~[na:na]
	at java.base/java.util.stream.ReferencePipeline$2$1.accept(ReferencePipeline.java:177) ~[na:na]
	at java.base/java.util.ArrayList$ArrayListSpliterator.forEachRemaining(ArrayList.java:1621) ~[na:na]
	at java.base/java.util.stream.AbstractPipeline.copyInto(AbstractPipeline.java:484) ~[na:na]
	at java.base/java.util.stream.AbstractPipeline.wrapAndCopyInto(AbstractPipeline.java:474) ~[na:na]
	at java.base/java.util.stream.StreamSpliterators$WrappingSpliterator.forEachRemaining(StreamSpliterators.java:312) ~[na:na]
	at java.base/java.util.stream.Streams$ConcatSpliterator.forEachRemaining(Streams.java:735) ~[na:na]
	at java.base/java.util.stream.Streams$ConcatSpliterator.forEachRemaining(Streams.java:734) ~[na:na]
	at java.base/java.util.stream.ReferencePipeline$Head.forEach(ReferencePipeline.java:658) ~[na:na]
	at org.junit.jupiter.engine.descriptor.ClassBasedTestDescriptor.invokeTestInstancePostProcessors(ClassBasedTestDescriptor.java:362) ~[junit-jupiter-engine-5.8.2.jar:5.8.2]
	at org.junit.jupiter.engine.descriptor.ClassBasedTestDescriptor.lambda$instantiateAndPostProcessTestInstance$6(ClassBasedTestDescriptor.java:283) ~[junit-jupiter-engine-5.8.2.jar:5.8.2]
	at org.junit.platform.engine.support.hierarchical.ThrowableCollector.execute(ThrowableCollector.java:73) ~[junit-platform-engine-1.8.2.jar:1.8.2]
	at org.junit.jupiter.engine.descriptor.ClassBasedTestDescriptor.instantiateAndPostProcessTestInstance(ClassBasedTestDescriptor.java:282) ~[junit-jupiter-engine-5.8.2.jar:5.8.2]
	at org.junit.jupiter.engine.descriptor.ClassBasedTestDescriptor.lambda$testInstancesProvider$4(ClassBasedTestDescriptor.java:272) ~[junit-jupiter-engine-5.8.2.jar:5.8.2]
	at java.base/java.util.Optional.orElseGet(Optional.java:362) ~[na:na]
	at org.junit.jupiter.engine.descriptor.ClassBasedTestDescriptor.lambda$testInstancesProvider$5(ClassBasedTestDescriptor.java:271) ~[junit-jupiter-engine-5.8.2.jar:5.8.2]
	at org.junit.jupiter.engine.execution.TestInstancesProvider.getTestInstances(TestInstancesProvider.java:31) ~[junit-jupiter-engine-5.8.2.jar:5.8.2]
	at org.junit.jupiter.engine.descriptor.TestMethodTestDescriptor.lambda$prepare$0(TestMethodTestDescriptor.java:102) ~[junit-jupiter-engine-5.8.2.jar:5.8.2]
	at org.junit.platform.engine.support.hierarchical.ThrowableCollector.execute(ThrowableCollector.java:73) ~[junit-platform-engine-1.8.2.jar:1.8.2]
	at org.junit.jupiter.engine.descriptor.TestMethodTestDescriptor.prepare(TestMethodTestDescriptor.java:101) ~[junit-jupiter-engine-5.8.2.jar:5.8.2]
	at org.junit.jupiter.engine.descriptor.TestMethodTestDescriptor.prepare(TestMethodTestDescriptor.java:66) ~[junit-jupiter-engine-5.8.2.jar:5.8.2]
	at org.junit.platform.engine.support.hierarchical.NodeTestTask.lambda$prepare$2(NodeTestTask.java:123) ~[junit-platform-engine-1.8.2.jar:1.8.2]
	at org.junit.platform.engine.support.hierarchical.ThrowableCollector.execute(ThrowableCollector.java:73) ~[junit-platform-engine-1.8.2.jar:1.8.2]
	at org.junit.platform.engine.support.hierarchical.NodeTestTask.prepare(NodeTestTask.java:123) ~[junit-platform-engine-1.8.2.jar:1.8.2]
	at org.junit.platform.engine.support.hierarchical.NodeTestTask.execute(NodeTestTask.java:90) ~[junit-platform-engine-1.8.2.jar:1.8.2]
	at java.base/java.util.ArrayList.forEach(ArrayList.java:1507) ~[na:na]
	at org.junit.platform.engine.support.hierarchical.SameThreadHierarchicalTestExecutorService.invokeAll(SameThreadHierarchicalTestExecutorService.java:41) ~[junit-platform-engine-1.8.2.jar:1.8.2]
	at org.junit.platform.engine.support.hierarchical.NodeTestTask.lambda$executeRecursively$6(NodeTestTask.java:155) ~[junit-platform-engine-1.8.2.jar:1.8.2]
	at org.junit.platform.engine.support.hierarchical.ThrowableCollector.execute(ThrowableCollector.java:73) ~[junit-platform-engine-1.8.2.jar:1.8.2]
	at org.junit.platform.engine.support.hierarchical.NodeTestTask.lambda$executeRecursively$8(NodeTestTask.java:141) ~[junit-platform-engine-1.8.2.jar:1.8.2]
	at org.junit.platform.engine.support.hierarchical.Node.around(Node.java:137) ~[junit-platform-engine-1.8.2.jar:1.8.2]
	at org.junit.platform.engine.support.hierarchical.NodeTestTask.lambda$executeRecursively$9(NodeTestTask.java:139) ~[junit-platform-engine-1.8.2.jar:1.8.2]
	at org.junit.platform.engine.support.hierarchical.ThrowableCollector.execute(ThrowableCollector.java:73) ~[junit-platform-engine-1.8.2.jar:1.8.2]
	at org.junit.platform.engine.support.hierarchical.NodeTestTask.executeRecursively(NodeTestTask.java:138) ~[junit-platform-engine-1.8.2.jar:1.8.2]
	at org.junit.platform.engine.support.hierarchical.NodeTestTask.execute(NodeTestTask.java:95) ~[junit-platform-engine-1.8.2.jar:1.8.2]
	at java.base/java.util.ArrayList.forEach(ArrayList.java:1507) ~[na:na]
	at org.junit.platform.engine.support.hierarchical.SameThreadHierarchicalTestExecutorService.invokeAll(SameThreadHierarchicalTestExecutorService.java:41) ~[junit-platform-engine-1.8.2.jar:1.8.2]
	at org.junit.platform.engine.support.hierarchical.NodeTestTask.lambda$executeRecursively$6(NodeTestTask.java:155) ~[junit-platform-engine-1.8.2.jar:1.8.2]
	at org.junit.platform.engine.support.hierarchical.ThrowableCollector.execute(ThrowableCollector.java:73) ~[junit-platform-engine-1.8.2.jar:1.8.2]
	at org.junit.platform.engine.support.hierarchical.NodeTestTask.lambda$executeRecursively$8(NodeTestTask.java:141) ~[junit-platform-engine-1.8.2.jar:1.8.2]
	at org.junit.platform.engine.support.hierarchical.Node.around(Node.java:137) ~[junit-platform-engine-1.8.2.jar:1.8.2]
	at org.junit.platform.engine.support.hierarchical.NodeTestTask.lambda$executeRecursively$9(NodeTestTask.java:139) ~[junit-platform-engine-1.8.2.jar:1.8.2]
	at org.junit.platform.engine.support.hierarchical.ThrowableCollector.execute(ThrowableCollector.java:73) ~[junit-platform-engine-1.8.2.jar:1.8.2]
	at org.junit.platform.engine.support.hierarchical.NodeTestTask.executeRecursively(NodeTestTask.java:138) ~[junit-platform-engine-1.8.2.jar:1.8.2]
	at org.junit.platform.engine.support.hierarchical.NodeTestTask.execute(NodeTestTask.java:95) ~[junit-platform-engine-1.8.2.jar:1.8.2]
	at org.junit.platform.engine.support.hierarchical.SameThreadHierarchicalTestExecutorService.submit(SameThreadHierarchicalTestExecutorService.java:35) ~[junit-platform-engine-1.8.2.jar:1.8.2]
	at org.junit.platform.engine.support.hierarchical.HierarchicalTestExecutor.execute(HierarchicalTestExecutor.java:57) ~[junit-platform-engine-1.8.2.jar:1.8.2]
	at org.junit.platform.engine.support.hierarchical.HierarchicalTestEngine.execute(HierarchicalTestEngine.java:54) ~[junit-platform-engine-1.8.2.jar:1.8.2]
	at org.junit.platform.launcher.core.EngineExecutionOrchestrator.execute(EngineExecutionOrchestrator.java:107) ~[junit-platform-launcher-1.8.2.jar:1.8.2]
	at org.junit.platform.launcher.core.EngineExecutionOrchestrator.execute(EngineExecutionOrchestrator.java:88) ~[junit-platform-launcher-1.8.2.jar:1.8.2]
	at org.junit.platform.launcher.core.EngineExecutionOrchestrator.lambda$execute$0(EngineExecutionOrchestrator.java:54) ~[junit-platform-launcher-1.8.2.jar:1.8.2]
	at org.junit.platform.launcher.core.EngineExecutionOrchestrator.withInterceptedStreams(EngineExecutionOrchestrator.java:67) ~[junit-platform-launcher-1.8.2.jar:1.8.2]
	at org.junit.platform.launcher.core.EngineExecutionOrchestrator.execute(EngineExecutionOrchestrator.java:52) ~[junit-platform-launcher-1.8.2.jar:1.8.2]
	at org.junit.platform.launcher.core.DefaultLauncher.execute(DefaultLauncher.java:114) ~[junit-platform-launcher-1.8.2.jar:1.8.2]
	at org.junit.platform.launcher.core.DefaultLauncher.execute(DefaultLauncher.java:86) ~[junit-platform-launcher-1.8.2.jar:1.8.2]
	at org.junit.platform.launcher.core.DefaultLauncherSession$DelegatingLauncher.execute(DefaultLauncherSession.java:86) ~[junit-platform-launcher-1.8.2.jar:1.8.2]
	at org.junit.platform.launcher.core.SessionPerRequestLauncher.execute(SessionPerRequestLauncher.java:53) ~[junit-platform-launcher-1.8.2.jar:1.8.2]
	at com.intellij.junit5.JUnit5IdeaTestRunner.startRunnerWithArgs(JUnit5IdeaTestRunner.java:71) ~[junit5-rt.jar:na]
	at com.intellij.rt.junit.IdeaTestRunner$Repeater$1.execute(IdeaTestRunner.java:38) ~[junit-rt.jar:na]
	at com.intellij.rt.execution.junit.TestsRepeater.repeat(TestsRepeater.java:11) ~[idea_rt.jar:na]
	at com.intellij.rt.junit.IdeaTestRunner$Repeater.startRunnerWithArgs(IdeaTestRunner.java:35) ~[junit-rt.jar:na]
	at com.intellij.rt.junit.JUnitStarter.prepareStreamsAndStart(JUnitStarter.java:235) ~[junit-rt.jar:na]
	at com.intellij.rt.junit.JUnitStarter.main(JUnitStarter.java:54) ~[junit-rt.jar:na]
Caused by: org.springframework.beans.factory.NoSuchBeanDefinitionException: No qualifying bean of type 'com.example.task2.entity.Transaction' available: expected at least 1 bean which qualifies as autowire candidate. Dependency annotations: {@org.springframework.beans.factory.annotation.Autowired(required=true)}
	at org.springframework.beans.factory.support.DefaultListableBeanFactory.raiseNoMatchingBeanFound(DefaultListableBeanFactory.java:1801) ~[spring-beans-5.3.22.jar:5.3.22]
	at org.springframework.beans.factory.support.DefaultListableBeanFactory.doResolveDependency(DefaultListableBeanFactory.java:1357) ~[spring-beans-5.3.22.jar:5.3.22]
	at org.springframework.beans.factory.support.DefaultListableBeanFactory.resolveDependency(DefaultListableBeanFactory.java:1311) ~[spring-beans-5.3.22.jar:5.3.22]
	at org.springframework.beans.factory.annotation.AutowiredAnnotationBeanPostProcessor$AutowiredFieldElement.resolveFieldValue(AutowiredAnnotationBeanPostProcessor.java:656) ~[spring-beans-5.3.22.jar:5.3.22]
	... 76 common frames omitted

2022-08-11 10:50:33.845  INFO 6768 --- [SpringApplicationShutdownHook] j.LocalContainerEntityManagerFactoryBean : Closing JPA EntityManagerFactory for persistence unit 'default'
2022-08-11 10:50:33.862  INFO 6768 --- [SpringApplicationShutdownHook] com.zaxxer.hikari.HikariDataSource       : HikariPool-1 - Shutdown initiated...
2022-08-11 10:50:33.888  INFO 6768 --- [SpringApplicationShutdownHook] com.zaxxer.hikari.HikariDataSource       : HikariPool-1 - Shutdown completed.
2022-08-11 10:51:10.254  INFO 12896 --- [main] c.e.t.service.TransactionServiceTest     : Starting TransactionServiceTest using Java 13.0.2 on DESKTOP-J5CM9G9 with PID 12896 (started by Elnar in D:\Банк\Задание 2)
2022-08-11 10:51:10.257  INFO 12896 --- [main] c.e.t.service.TransactionServiceTest     : No active profile set, falling back to 1 default profile: "default"
2022-08-11 10:51:12.145  INFO 12896 --- [main] .s.d.r.c.RepositoryConfigurationDelegate : Bootstrapping Spring Data JPA repositories in DEFAULT mode.
2022-08-11 10:51:12.294  INFO 12896 --- [main] .s.d.r.c.RepositoryConfigurationDelegate : Finished Spring Data repository scanning in 131 ms. Found 4 JPA repository interfaces.
2022-08-11 10:51:13.798  INFO 12896 --- [main] o.hibernate.jpa.internal.util.LogHelper  : HHH000204: Processing PersistenceUnitInfo [name: default]
2022-08-11 10:51:13.943  INFO 12896 --- [main] org.hibernate.Version                    : HHH000412: Hibernate ORM core version 5.6.10.Final
2022-08-11 10:51:14.352  INFO 12896 --- [main] o.hibernate.annotations.common.Version   : HCANN000001: Hibernate Commons Annotations {5.1.2.Final}
2022-08-11 10:51:14.862  INFO 12896 --- [main] com.zaxxer.hikari.HikariDataSource       : HikariPool-1 - Starting...
2022-08-11 10:51:15.333  INFO 12896 --- [main] com.zaxxer.hikari.HikariDataSource       : HikariPool-1 - Start completed.
2022-08-11 10:51:15.373  INFO 12896 --- [main] org.hibernate.dialect.Dialect            : HHH000400: Using dialect: org.hibernate.dialect.PostgreSQLDialect
2022-08-11 10:51:17.354  INFO 12896 --- [main] o.h.e.t.j.p.i.JtaPlatformInitiator       : HHH000490: Using JtaPlatform implementation: [org.hibernate.engine.transaction.jta.platform.internal.NoJtaPlatform]
2022-08-11 10:51:17.396  INFO 12896 --- [main] j.LocalContainerEntityManagerFactoryBean : Initialized JPA EntityManagerFactory for persistence unit 'default'
2022-08-11 10:51:17.511  WARN 12896 --- [main] JpaBaseConfiguration$JpaWebConfiguration : spring.jpa.open-in-view is enabled by default. Therefore, database queries may be performed during view rendering. Explicitly configure spring.jpa.open-in-view to disable this warning
2022-08-11 10:51:21.394  INFO 12896 --- [main] o.s.s.web.DefaultSecurityFilterChain     : Will secure any request with [org.springframework.security.web.session.DisableEncodeUrlFilter@16b713dd, org.springframework.security.web.context.request.async.WebAsyncManagerIntegrationFilter@379df603, org.springframework.security.web.context.SecurityContextPersistenceFilter@7164e54, org.springframework.security.web.header.HeaderWriterFilter@4ae435a3, org.springframework.security.web.csrf.CsrfFilter@5fa3df, org.springframework.security.web.authentication.logout.LogoutFilter@48cc060d, org.springframework.security.web.authentication.UsernamePasswordAuthenticationFilter@108d59b6, org.springframework.security.web.savedrequest.RequestCacheAwareFilter@cbea0df, org.springframework.security.web.servletapi.SecurityContextHolderAwareRequestFilter@492a220e, org.springframework.security.web.authentication.AnonymousAuthenticationFilter@58fb5b8f, org.springframework.security.web.session.SessionManagementFilter@1cdb290c, org.springframework.security.web.access.ExceptionTranslationFilter@6a827b0c, org.springframework.security.web.access.intercept.FilterSecurityInterceptor@69af938b]
2022-08-11 10:51:21.893  INFO 12896 --- [main] c.e.t.service.TransactionServiceTest     : Started TransactionServiceTest in 12.541 seconds (JVM running for 16.831)
2022-08-11 10:52:27.067  INFO 12896 --- [SpringApplicationShutdownHook] j.LocalContainerEntityManagerFactoryBean : Closing JPA EntityManagerFactory for persistence unit 'default'
2022-08-11 10:52:27.077  INFO 12896 --- [SpringApplicationShutdownHook] com.zaxxer.hikari.HikariDataSource       : HikariPool-1 - Shutdown initiated...
2022-08-11 10:52:27.120  INFO 12896 --- [SpringApplicationShutdownHook] com.zaxxer.hikari.HikariDataSource       : HikariPool-1 - Shutdown completed.
2022-08-11 10:52:40.135  INFO 11092 --- [main] c.e.t.service.TransactionServiceTest     : Starting TransactionServiceTest using Java 13.0.2 on DESKTOP-J5CM9G9 with PID 11092 (started by Elnar in D:\Банк\Задание 2)
2022-08-11 10:52:40.139  INFO 11092 --- [main] c.e.t.service.TransactionServiceTest     : No active profile set, falling back to 1 default profile: "default"
2022-08-11 10:52:41.725  INFO 11092 --- [main] .s.d.r.c.RepositoryConfigurationDelegate : Bootstrapping Spring Data JPA repositories in DEFAULT mode.
2022-08-11 10:52:41.836  INFO 11092 --- [main] .s.d.r.c.RepositoryConfigurationDelegate : Finished Spring Data repository scanning in 96 ms. Found 4 JPA repository interfaces.
2022-08-11 10:52:43.165  INFO 11092 --- [main] o.hibernate.jpa.internal.util.LogHelper  : HHH000204: Processing PersistenceUnitInfo [name: default]
2022-08-11 10:52:43.288  INFO 11092 --- [main] org.hibernate.Version                    : HHH000412: Hibernate ORM core version 5.6.10.Final
2022-08-11 10:52:43.640  INFO 11092 --- [main] o.hibernate.annotations.common.Version   : HCANN000001: Hibernate Commons Annotations {5.1.2.Final}
2022-08-11 10:52:44.138  INFO 11092 --- [main] com.zaxxer.hikari.HikariDataSource       : HikariPool-1 - Starting...
2022-08-11 10:52:44.577  INFO 11092 --- [main] com.zaxxer.hikari.HikariDataSource       : HikariPool-1 - Start completed.
2022-08-11 10:52:44.608  INFO 11092 --- [main] org.hibernate.dialect.Dialect            : HHH000400: Using dialect: org.hibernate.dialect.PostgreSQLDialect
2022-08-11 10:52:46.412  INFO 11092 --- [main] o.h.e.t.j.p.i.JtaPlatformInitiator       : HHH000490: Using JtaPlatform implementation: [org.hibernate.engine.transaction.jta.platform.internal.NoJtaPlatform]
2022-08-11 10:52:46.430  INFO 11092 --- [main] j.LocalContainerEntityManagerFactoryBean : Initialized JPA EntityManagerFactory for persistence unit 'default'
2022-08-11 10:52:46.554  WARN 11092 --- [main] JpaBaseConfiguration$JpaWebConfiguration : spring.jpa.open-in-view is enabled by default. Therefore, database queries may be performed during view rendering. Explicitly configure spring.jpa.open-in-view to disable this warning
2022-08-11 10:52:49.787  INFO 11092 --- [main] o.s.s.web.DefaultSecurityFilterChain     : Will secure any request with [org.springframework.security.web.session.DisableEncodeUrlFilter@20a46227, org.springframework.security.web.context.request.async.WebAsyncManagerIntegrationFilter@669469c9, org.springframework.security.web.context.SecurityContextPersistenceFilter@3083e6ef, org.springframework.security.web.header.HeaderWriterFilter@66e434e8, org.springframework.security.web.csrf.CsrfFilter@3b399f5a, org.springframework.security.web.authentication.logout.LogoutFilter@663e1144, org.springframework.security.web.authentication.UsernamePasswordAuthenticationFilter@2041c9a3, org.springframework.security.web.savedrequest.RequestCacheAwareFilter@775a5a67, org.springframework.security.web.servletapi.SecurityContextHolderAwareRequestFilter@70869678, org.springframework.security.web.authentication.AnonymousAuthenticationFilter@7f39ad3f, org.springframework.security.web.session.SessionManagementFilter@55300b93, org.springframework.security.web.access.ExceptionTranslationFilter@257708e, org.springframework.security.web.access.intercept.FilterSecurityInterceptor@25890ce3]
2022-08-11 10:52:49.973  INFO 11092 --- [main] c.e.t.service.TransactionServiceTest     : Started TransactionServiceTest in 10.877 seconds (JVM running for 14.443)
2022-08-11 10:52:50.922  INFO 11092 --- [SpringApplicationShutdownHook] j.LocalContainerEntityManagerFactoryBean : Closing JPA EntityManagerFactory for persistence unit 'default'
2022-08-11 10:52:50.928  INFO 11092 --- [SpringApplicationShutdownHook] com.zaxxer.hikari.HikariDataSource       : HikariPool-1 - Shutdown initiated...
2022-08-11 10:52:50.950  INFO 11092 --- [SpringApplicationShutdownHook] com.zaxxer.hikari.HikariDataSource       : HikariPool-1 - Shutdown completed.
